0 info it worked if it ends with ok
1 verbose cli [ 'C:\\Program Files\\nodejs\\node.exe',
1 verbose cli   'C:\\Program Files\\nodejs\\node_modules\\npm\\bin\\npm-cli.js',
1 verbose cli   'install',
1 verbose cli   'bootstrap' ]
2 info using npm@3.10.10
3 info using node@v6.10.2
4 silly loadCurrentTree Starting
5 silly install loadCurrentTree
6 silly install readLocalPackageData
7 silly fetchPackageMetaData bootstrap
8 silly fetchNamedPackageData bootstrap
9 silly mapToRegistry name bootstrap
10 silly mapToRegistry using default registry
11 silly mapToRegistry registry https://registry.npmjs.org/
12 silly mapToRegistry data Result {
12 silly mapToRegistry   raw: 'bootstrap',
12 silly mapToRegistry   scope: null,
12 silly mapToRegistry   escapedName: 'bootstrap',
12 silly mapToRegistry   name: 'bootstrap',
12 silly mapToRegistry   rawSpec: '',
12 silly mapToRegistry   spec: 'latest',
12 silly mapToRegistry   type: 'tag' }
13 silly mapToRegistry uri https://registry.npmjs.org/bootstrap
14 verbose request uri https://registry.npmjs.org/bootstrap
15 verbose request no auth needed
16 info attempt registry request try #1 at 1:00:09 AM
17 verbose request id 9d42c1c197d5ce31
18 verbose etag "5a57bb01-1299e"
19 verbose lastModified Thu, 11 Jan 2018 19:29:05 GMT
20 http request GET https://registry.npmjs.org/bootstrap
21 verbose stack AssertionError: 4034 == 0
21 verbose stack     at ClientRequest.onConnect (C:\Program Files\nodejs\node_modules\npm\node_modules\request\node_modules\tunnel-agent\index.js:159:14)
21 verbose stack     at ClientRequest.g (events.js:291:16)
21 verbose stack     at emitThree (events.js:116:13)
21 verbose stack     at ClientRequest.emit (events.js:194:7)
21 verbose stack     at Socket.socketOnData (_http_client.js:394:11)
21 verbose stack     at emitOne (events.js:96:13)
21 verbose stack     at Socket.emit (events.js:188:7)
21 verbose stack     at readableAddChunk (_stream_readable.js:176:18)
21 verbose stack     at Socket.Readable.push (_stream_readable.js:134:10)
21 verbose stack     at TCP.onread (net.js:551:20)
22 verbose cwd D:\AppServ\www\devphpBB
23 error Windows_NT 10.0.16299
24 error argv "C:\\Program Files\\nodejs\\node.exe" "C:\\Program Files\\nodejs\\node_modules\\npm\\bin\\npm-cli.js" "install" "bootstrap"
25 error node v6.10.2
26 error npm  v3.10.10
27 error 4034 == 0
28 error If you need help, you may report this error at:
28 error     <https://github.com/npm/npm/issues>
29 verbose exit [ 1, true ]
